# JRE version: Java(TM) SE Runtime Environment (7.0_67-b01) (build 1.7.0_67-b01)
# Java VM: Java HotSpot(TM) 64-Bit Server VM (24.65-b04 mixed mode windows-amd64 compressed oops)
Heap
 PSYoungGen      total 152576K, used 74046K [0x0000000756600000, 0x0000000761000000, 0x0000000800000000)
  eden space 131072K, 40% used [0x0000000756600000,0x00000007599ef280,0x000000075e600000)
  from space 21504K, 97% used [0x000000075fb00000,0x0000000760f606f8,0x0000000761000000)
  to   space 21504K, 0% used [0x000000075e600000,0x000000075e600000,0x000000075fb00000)
 ParOldGen       total 347136K, used 2957K [0x0000000603200000, 0x0000000618500000, 0x0000000756600000)
  object space 347136K, 0% used [0x0000000603200000,0x00000006034e36c0,0x0000000618500000)
 PSPermGen       total 44544K, used 44348K [0x00000005fe000000, 0x0000000600b80000, 0x0000000603200000)
  object space 44544K, 99% used [0x00000005fe000000,0x0000000600b4f260,0x0000000600b80000)
GC Heap History (4 events):
Event: 2.085 GC heap before
{Heap before GC invocations=1 (full 0):
 PSYoungGen      total 152576K, used 131072K [0x0000000756600000, 0x0000000761000000, 0x0000000800000000)
  eden space 131072K, 100% used [0x0000000756600000,0x000000075e600000,0x000000075e600000)
  from space 21504K, 0% used [0x000000075fb00000,0x000000075fb00000,0x0000000761000000)
  to   space 21504K, 0% used [0x000000075e600000,0x000000075e600000,0x000000075fb00000)
 ParOldGen       total 347136K, used 0K [0x0000000603200000, 0x0000000618500000, 0x0000000756600000)
  object space 347136K, 0% used [0x0000000603200000,0x0000000603200000,0x0000000618500000)
 PSPermGen       total 22528K, used 22450K [0x00000005fe000000, 0x00000005ff600000, 0x0000000603200000)
  object space 22528K, 99% used [0x00000005fe000000,0x00000005ff5ecbd8,0x00000005ff600000)
Event: 2.096 GC heap after
Heap after GC invocations=1 (full 0):
 PSYoungGen      total 152576K, used 21481K [0x0000000756600000, 0x0000000761000000, 0x0000000800000000)
  eden space 131072K, 0% used [0x0000000756600000,0x0000000756600000,0x000000075e600000)
  from space 21504K, 99% used [0x000000075e600000,0x000000075fafa4a8,0x000000075fb00000)
  to   space 21504K, 0% used [0x000000075fb00000,0x000000075fb00000,0x0000000761000000)
 ParOldGen       total 347136K, used 2949K [0x0000000603200000, 0x0000000618500000, 0x0000000756600000)
  object space 347136K, 0% used [0x0000000603200000,0x00000006034e16c0,0x0000000618500000)
 PSPermGen       total 22528K, used 22450K [0x00000005fe000000, 0x00000005ff600000, 0x0000000603200000)
  object space 22528K, 99% used [0x00000005fe000000,0x00000005ff5ecbd8,0x00000005ff600000)
}
Event: 4.135 GC heap before
{Heap before GC invocations=2 (full 0):
 PSYoungGen      total 152576K, used 152553K [0x0000000756600000, 0x0000000761000000, 0x0000000800000000)
  eden space 131072K, 100% used [0x0000000756600000,0x000000075e600000,0x000000075e600000)
  from space 21504K, 99% used [0x000000075e600000,0x000000075fafa4a8,0x000000075fb00000)
  to   space 21504K, 0% used [0x000000075fb00000,0x000000075fb00000,0x0000000761000000)
 ParOldGen       total 347136K, used 2949K [0x0000000603200000, 0x0000000618500000, 0x0000000756600000)
  object space 347136K, 0% used [0x0000000603200000,0x00000006034e16c0,0x0000000618500000)
 PSPermGen       total 39424K, used 39393K [0x00000005fe000000, 0x0000000600680000, 0x0000000603200000)
  object space 39424K, 99% used [0x00000005fe000000,0x0000000600678548,0x0000000600680000)
Event: 4.145 GC heap after
Heap after GC invocations=2 (full 0):
 PSYoungGen      total 152576K, used 20865K [0x0000000756600000, 0x0000000761000000, 0x0000000800000000)
  eden space 131072K, 0% used [0x0000000756600000,0x0000000756600000,0x000000075e600000)
  from space 21504K, 97% used [0x000000075fb00000,0x0000000760f606f8,0x0000000761000000)
  to   space 21504K, 0% used [0x000000075e600000,0x000000075e600000,0x000000075fb00000)
 ParOldGen       total 347136K, used 2957K [0x0000000603200000, 0x0000000618500000, 0x0000000756600000)
  object space 347136K, 0% used [0x0000000603200000,0x00000006034e36c0,0x0000000618500000)
 PSPermGen       total 39424K, used 39393K [0x00000005fe000000, 0x0000000600680000, 0x0000000603200000)
  object space 39424K, 99% used [0x00000005fe000000,0x0000000600678548,0x0000000600680000)
}

