# JRE version: Java(TM) SE Runtime Environment (7.0_67-b01) (build 1.7.0_67-b01)
# Java VM: Java HotSpot(TM) 64-Bit Server VM (24.65-b04 mixed mode windows-amd64 compressed oops)
Heap
 PSYoungGen      total 152576K, used 49525K [0x0000000756600000, 0x0000000761000000, 0x0000000800000000)
  eden space 131072K, 22% used [0x0000000756600000,0x0000000758322bb0,0x000000075e600000)
  from space 21504K, 91% used [0x000000075e600000,0x000000075f93aa90,0x000000075fb00000)
  to   space 21504K, 0% used [0x000000075fb00000,0x000000075fb00000,0x0000000761000000)
 ParOldGen       total 347136K, used 3008K [0x0000000603200000, 0x0000000618500000, 0x0000000756600000)
  object space 347136K, 0% used [0x0000000603200000,0x00000006034f0320,0x0000000618500000)
 PSPermGen       total 45568K, used 45508K [0x00000005fe000000, 0x0000000600c80000, 0x0000000603200000)
  object space 45568K, 99% used [0x00000005fe000000,0x0000000600c71190,0x0000000600c80000)
GC Heap History (6 events):
Event: 2.111 GC heap before
{Heap before GC invocations=1 (full 0):
 PSYoungGen      total 152576K, used 131072K [0x0000000756600000, 0x0000000761000000, 0x0000000800000000)
  eden space 131072K, 100% used [0x0000000756600000,0x000000075e600000,0x000000075e600000)
  from space 21504K, 0% used [0x000000075fb00000,0x000000075fb00000,0x0000000761000000)
  to   space 21504K, 0% used [0x000000075e600000,0x000000075e600000,0x000000075fb00000)
 ParOldGen       total 347136K, used 0K [0x0000000603200000, 0x0000000618500000, 0x0000000756600000)
  object space 347136K, 0% used [0x0000000603200000,0x0000000603200000,0x0000000618500000)
 PSPermGen       total 22528K, used 22445K [0x00000005fe000000, 0x00000005ff600000, 0x0000000603200000)
  object space 22528K, 99% used [0x00000005fe000000,0x00000005ff5eb668,0x00000005ff600000)
Event: 2.123 GC heap after
Heap after GC invocations=1 (full 0):
 PSYoungGen      total 152576K, used 21503K [0x0000000756600000, 0x0000000761000000, 0x0000000800000000)
  eden space 131072K, 0% used [0x0000000756600000,0x0000000756600000,0x000000075e600000)
  from space 21504K, 99% used [0x000000075e600000,0x000000075faffe10,0x000000075fb00000)
  to   space 21504K, 0% used [0x000000075fb00000,0x000000075fb00000,0x0000000761000000)
 ParOldGen       total 347136K, used 2992K [0x0000000603200000, 0x0000000618500000, 0x0000000756600000)
  object space 347136K, 0% used [0x0000000603200000,0x00000006034ec320,0x0000000618500000)
 PSPermGen       total 22528K, used 22445K [0x00000005fe000000, 0x00000005ff600000, 0x0000000603200000)
  object space 22528K, 99% used [0x00000005fe000000,0x00000005ff5eb668,0x00000005ff600000)
}
Event: 4.028 GC heap before
{Heap before GC invocations=2 (full 0):
 PSYoungGen      total 152576K, used 152575K [0x0000000756600000, 0x0000000761000000, 0x0000000800000000)
  eden space 131072K, 100% used [0x0000000756600000,0x000000075e600000,0x000000075e600000)
  from space 21504K, 99% used [0x000000075e600000,0x000000075faffe10,0x000000075fb00000)
  to   space 21504K, 0% used [0x000000075fb00000,0x000000075fb00000,0x0000000761000000)
 ParOldGen       total 347136K, used 2992K [0x0000000603200000, 0x0000000618500000, 0x0000000756600000)
  object space 347136K, 0% used [0x0000000603200000,0x00000006034ec320,0x0000000618500000)
 PSPermGen       total 38912K, used 38438K [0x00000005fe000000, 0x0000000600600000, 0x0000000603200000)
  object space 38912K, 98% used [0x00000005fe000000,0x00000006005898d8,0x0000000600600000)
Event: 4.038 GC heap after
Heap after GC invocations=2 (full 0):
 PSYoungGen      total 152576K, used 20213K [0x0000000756600000, 0x0000000761000000, 0x0000000800000000)
  eden space 131072K, 0% used [0x0000000756600000,0x0000000756600000,0x000000075e600000)
  from space 21504K, 93% used [0x000000075fb00000,0x0000000760ebd558,0x0000000761000000)
  to   space 21504K, 0% used [0x000000075e600000,0x000000075e600000,0x000000075fb00000)
 ParOldGen       total 347136K, used 3000K [0x0000000603200000, 0x0000000618500000, 0x0000000756600000)
  object space 347136K, 0% used [0x0000000603200000,0x00000006034ee320,0x0000000618500000)
 PSPermGen       total 38912K, used 38438K [0x00000005fe000000, 0x0000000600600000, 0x0000000603200000)
  object space 38912K, 98% used [0x00000005fe000000,0x00000006005898d8,0x0000000600600000)
}
Event: 78.541 GC heap before
{Heap before GC invocations=3 (full 0):
 PSYoungGen      total 152576K, used 151285K [0x0000000756600000, 0x0000000761000000, 0x0000000800000000)
  eden space 131072K, 100% used [0x0000000756600000,0x000000075e600000,0x000000075e600000)
  from space 21504K, 93% used [0x000000075fb00000,0x0000000760ebd558,0x0000000761000000)
  to   space 21504K, 0% used [0x000000075e600000,0x000000075e600000,0x000000075fb00000)
 ParOldGen       total 347136K, used 3000K [0x0000000603200000, 0x0000000618500000, 0x0000000756600000)
  object space 347136K, 0% used [0x0000000603200000,0x00000006034ee320,0x0000000618500000)
 PSPermGen       total 45568K, used 45307K [0x00000005fe000000, 0x0000000600c80000, 0x0000000603200000)
  object space 45568K, 99% used [0x00000005fe000000,0x0000000600c3efd0,0x0000000600c80000)
Event: 78.550 GC heap after
Heap after GC invocations=3 (full 0):
 PSYoungGen      total 152576K, used 19690K [0x0000000756600000, 0x0000000761000000, 0x0000000800000000)
  eden space 131072K, 0% used [0x0000000756600000,0x0000000756600000,0x000000075e600000)
  from space 21504K, 91% used [0x000000075e600000,0x000000075f93aa90,0x000000075fb00000)
  to   space 21504K, 0% used [0x000000075fb00000,0x000000075fb00000,0x0000000761000000)
 ParOldGen       total 347136K, used 3008K [0x0000000603200000, 0x0000000618500000, 0x0000000756600000)
  object space 347136K, 0% used [0x0000000603200000,0x00000006034f0320,0x0000000618500000)
 PSPermGen       total 45568K, used 45307K [0x00000005fe000000, 0x0000000600c80000, 0x0000000603200000)
  object space 45568K, 99% used [0x00000005fe000000,0x0000000600c3efd0,0x0000000600c80000)
}

